{"D:\\New folder\\jest-learning\\src\\testCoverage.ts": {"path":"D:\\New folder\\jest-learning\\src\\testCoverage.ts","statementMap":{"0":{"start":{"line":2,"column":2},"end":{"line":4,"column":3}},"1":{"start":{"line":3,"column":4},"end":{"line":3,"column":19}},"2":{"start":{"line":6,"column":2},"end":{"line":6,"column":17}},"3":{"start":{"line":9,"column":0},"end":{"line":9,"column":24}}},"fnMap":{"0":{"name":"checkAge","decl":{"start":{"line":1,"column":9},"end":{"line":1,"column":17}},"loc":{"start":{"line":1,"column":29},"end":{"line":7,"column":1}}}},"branchMap":{"0":{"loc":{"start":{"line":2,"column":2},"end":{"line":4,"column":3}},"type":"if","locations":[{"start":{"line":2,"column":2},"end":{"line":4,"column":3}},{"start":{},"end":{}}]}},"s":{"0":2,"1":1,"2":1,"3":1},"f":{"0":2},"b":{"0":[1,1]}}
,"D:\\New folder\\jest-learning\\src\\userCoverage.ts": {"path":"D:\\New folder\\jest-learning\\src\\userCoverage.ts","statementMap":{"0":{"start":{"line":1,"column":0},"end":{"line":1,"column":16}},"1":{"start":{"line":5,"column":0},"end":{"line":5,"column":16}},"2":{"start":{"line":2,"column":2},"end":{"line":2,"column":19}},"3":{"start":{"line":6,"column":2},"end":{"line":8,"column":3}},"4":{"start":{"line":7,"column":4},"end":{"line":7,"column":20}},"5":{"start":{"line":10,"column":2},"end":{"line":10,"column":20}}},"fnMap":{"0":{"name":"getUserName","decl":{"start":{"line":1,"column":16},"end":{"line":1,"column":27}},"loc":{"start":{"line":1,"column":27},"end":{"line":3,"column":1}}},"1":{"name":"getUserStatus","decl":{"start":{"line":5,"column":16},"end":{"line":5,"column":29}},"loc":{"start":{"line":5,"column":47},"end":{"line":11,"column":1}}}},"branchMap":{"0":{"loc":{"start":{"line":6,"column":2},"end":{"line":8,"column":3}},"type":"if","locations":[{"start":{"line":6,"column":2},"end":{"line":8,"column":3}},{"start":{},"end":{}}]}},"s":{"0":1,"1":1,"2":1,"3":2,"4":1,"5":1},"f":{"0":1,"1":2},"b":{"0":[1,1]}}
}
